d:\codes\vtcodeprojects\assessment3\assessment3\assessment3\debug\vc143.pdb
d:\codes\vtcodeprojects\assessment3\assessment3\assessment3\debug\vc143.idb
d:\codes\vtcodeprojects\assessment3\assessment3\assessment3\debug\vitals.obj
d:\codes\vtcodeprojects\assessment3\assessment3\assessment3\debug\robotworker.obj
d:\codes\vtcodeprojects\assessment3\assessment3\assessment3\debug\robotmanagementsystem.obj
d:\codes\vtcodeprojects\assessment3\assessment3\assessment3\debug\robotfileloader.obj
d:\codes\vtcodeprojects\assessment3\assessment3\assessment3\debug\robotdatabaseloader.obj
d:\codes\vtcodeprojects\assessment3\assessment3\assessment3\debug\robot.obj
d:\codes\vtcodeprojects\assessment3\assessment3\assessment3\debug\factoryalertsystemfacade.obj
d:\codes\vtcodeprojects\assessment3\assessment3\assessment3\debug\chargernotificationsystemfacade.obj
d:\codes\vtcodeprojects\assessment3\assessment3\assessment3\debug\assessment3.obj
d:\codes\vtcodeprojects\assessment3\assessment3\debug\assessment3.exe
d:\codes\vtcodeprojects\assessment3\assessment3\debug\assessment3.pdb
d:\codes\vtcodeprojects\assessment3\assessment3\assessment3\debug\assessment3.ilk
d:\codes\vtcodeprojects\assessment3\assessment3\assessment3\debug\assessment3.tlog\cl.command.1.tlog
d:\codes\vtcodeprojects\assessment3\assessment3\assessment3\debug\assessment3.tlog\cl.items.tlog
d:\codes\vtcodeprojects\assessment3\assessment3\assessment3\debug\assessment3.tlog\cl.read.1.tlog
d:\codes\vtcodeprojects\assessment3\assessment3\assessment3\debug\assessment3.tlog\cl.write.1.tlog
d:\codes\vtcodeprojects\assessment3\assessment3\assessment3\debug\assessment3.tlog\link.command.1.tlog
d:\codes\vtcodeprojects\assessment3\assessment3\assessment3\debug\assessment3.tlog\link.read.1.tlog
d:\codes\vtcodeprojects\assessment3\assessment3\assessment3\debug\assessment3.tlog\link.secondary.1.tlog
d:\codes\vtcodeprojects\assessment3\assessment3\assessment3\debug\assessment3.tlog\link.write.1.tlog
